SF:lib\common\baseUrl.dart
DA:24,3
DA:25,4
LF:2
LH:2
end_of_record
SF:lib\common\failure.dart
DA:6,1
DA:8,1
DA:9,2
DA:13,2
DA:17,0
DA:21,0
DA:25,0
LF:7
LH:4
end_of_record
SF:lib\data\repositories\beasiswaRepositoryImpl.dart
DA:13,1
DA:16,1
DA:18,2
DA:19,2
DA:22,4
DA:23,2
DA:24,2
DA:25,1
DA:26,2
DA:28,2
DA:30,0
DA:31,0
DA:36,1
DA:38,2
DA:40,4
DA:41,2
DA:42,2
DA:43,1
DA:44,2
DA:46,2
DA:48,0
DA:49,0
DA:54,1
DA:56,2
DA:57,4
DA:58,2
DA:59,2
DA:60,1
DA:61,2
DA:63,2
DA:68,1
DA:70,1
DA:71,1
DA:73,4
DA:74,2
DA:75,2
DA:76,1
DA:77,2
DA:79,2
DA:81,0
DA:82,0
LF:41
LH:35
end_of_record
SF:lib\data\source\remote\model\beasiswa\beasiswa.dart
DA:5,1
DA:12,0
DA:13,0
DA:17,0
DA:19,0
DA:22,1
DA:30,2
DA:31,2
DA:32,1
DA:35,0
DA:36,0
DA:37,0
DA:40,0
DA:42,0
DA:47,1
DA:61,2
DA:62,1
DA:63,1
DA:64,1
DA:65,1
DA:66,1
DA:67,4
DA:70,0
DA:71,0
DA:72,0
DA:73,0
DA:74,0
DA:76,0
DA:79,0
DA:81,0
DA:82,0
DA:83,0
DA:84,0
DA:85,0
DA:86,0
DA:91,1
DA:117,2
DA:118,1
DA:119,1
DA:120,1
DA:121,1
DA:122,4
DA:123,1
DA:124,1
DA:125,1
DA:126,1
DA:127,2
DA:128,2
DA:129,1
DA:132,0
DA:133,0
DA:134,0
DA:135,0
DA:136,0
DA:137,0
DA:138,0
DA:139,0
DA:140,0
DA:142,0
DA:144,0
DA:145,0
DA:147,1
DA:149,1
DA:150,3
DA:151,3
DA:152,3
DA:153,4
DA:154,3
DA:155,3
DA:156,3
DA:157,3
DA:158,3
DA:159,3
DA:160,3
DA:165,1
DA:173,2
DA:174,1
DA:175,1
DA:178,0
DA:179,0
DA:180,0
DA:183,1
DA:185,7
LF:83
LH:46
end_of_record
